\BOOKMARK [0][-]{chapter.1}{Einf\374hrung}{}% 1
\BOOKMARK [0][-]{chapter.2}{State of the Art}{}% 2
\BOOKMARK [1][-]{section.2.1}{Rahmenbedingungen}{chapter.2}% 3
\BOOKMARK [2][-]{subsection.2.1.1}{Hardware-Anforderung}{section.2.1}% 4
\BOOKMARK [2][-]{subsection.2.1.2}{Software-Anforderung}{section.2.1}% 5
\BOOKMARK [1][-]{section.2.2}{\334bersicht der Technologien}{chapter.2}% 6
\BOOKMARK [2][-]{subsection.2.2.1}{Hardware}{section.2.2}% 7
\BOOKMARK [2][-]{subsection.2.2.2}{Software}{section.2.2}% 8
\BOOKMARK [0][-]{chapter.3}{Analyse}{}% 9
\BOOKMARK [1][-]{section.3.1}{Auswahl der Technologien}{chapter.3}% 10
\BOOKMARK [2][-]{subsection.3.1.1}{Eingesetzte Hardware}{section.3.1}% 11
\BOOKMARK [2][-]{subsection.3.1.2}{Eingesetzte Software}{section.3.1}% 12
\BOOKMARK [1][-]{section.3.2}{Spezifikation}{chapter.3}% 13
\BOOKMARK [0][-]{chapter.4}{Entwicklung}{}% 14
\BOOKMARK [1][-]{section.4.1}{\334berlegungen zur Softwarearchitektur}{chapter.4}% 15
\BOOKMARK [2][-]{subsection.4.1.1}{Entwurf des Modells }{section.4.1}% 16
\BOOKMARK [0][-]{chapter.5}{Implementierung}{}% 17
\BOOKMARK [1][-]{section.5.1}{Aufbau der Entwicklungsinfrastruktur}{chapter.5}% 18
\BOOKMARK [1][-]{section.5.2}{Allgemeines Vorgehen bei der Implementierung}{chapter.5}% 19
\BOOKMARK [1][-]{section.5.3}{Implementierung der Kommunikations-Schicht}{chapter.5}% 20
\BOOKMARK [2][-]{subsection.5.3.1}{ Energiez\344hler spezifische Informationen}{section.5.3}% 21
\BOOKMARK [2][-]{subsection.5.3.2}{Planung des Modbus-Moduls}{section.5.3}% 22
\BOOKMARK [2][-]{subsection.5.3.3}{Implementierung ComModbus}{section.5.3}% 23
\BOOKMARK [2][-]{subsection.5.3.4}{Anwendungsfall ComModbus}{section.5.3}% 24
\BOOKMARK [2][-]{subsection.5.3.5}{Realisierung von ComModbus}{section.5.3}% 25
\BOOKMARK [2][-]{subsection.5.3.6}{Einbindung von ComModbus in der Kommunikationsschicht}{section.5.3}% 26
\BOOKMARK [0][-]{chapter.6}{Evaluation}{}% 27
\BOOKMARK [1][-]{section.6.1}{Ergebnisse}{chapter.6}% 28
\BOOKMARK [2][-]{subsection.6.1.1}{Tests \046 Benchmarks}{section.6.1}% 29
\BOOKMARK [1][-]{section.6.2}{Ausblick}{chapter.6}% 30
\BOOKMARK [1][-]{section.6.3}{Pers\366nliche Meinung}{chapter.6}% 31
\BOOKMARK [0][-]{appendix.A}{Diagramme und Bilder}{}% 32
\BOOKMARK [0][-]{appendix.B}{Befehlssatz ComModbus}{}% 33
\BOOKMARK [1][-]{section.B.1}{Konfigurationen}{appendix.B}% 34
\BOOKMARK [1][-]{section.B.2}{Operationen}{appendix.B}% 35
